2017-11-08 17:05:10.346  INFO [t3-cm-rest-service,b05cd9e55f3c06a8,b05cd9e55f3c06a8,true] 4764 --- [c2e9E53HTvQ-193] s.c.a.AnnotationConfigApplicationContext : Refreshing org.springframework.context.annotation.AnnotationConfigApplicationContext@3b429d7d: startup date [Wed Nov 08 17:05:10 CST 2017]; root of context hierarchy
2017-11-08 17:05:10.904  INFO [t3-cm-rest-service,b05cd9e55f3c06a8,b05cd9e55f3c06a8,true] 4764 --- [c2e9E53HTvQ-193] f.a.AutowiredAnnotationBeanPostProcessor : JSR-330 'javax.inject.Inject' annotation found and supported for autowiring
2017-11-08 17:05:11.174  INFO [t3-cm-rest-service,b05cd9e55f3c06a8,b05cd9e55f3c06a8,true] 4764 --- [c2e9E53HTvQ-193] trationDelegate$BeanPostProcessorChecker : Bean 'org.springframework.retry.annotation.RetryConfiguration' of type [org.springframework.retry.annotation.RetryConfiguration$$EnhancerBySpringCGLIB$$82f49bfd] is not eligible for getting processed by all BeanPostProcessors (for example: not eligible for auto-proxying)
2017-11-08 17:05:11.194  INFO [t3-cm-rest-service,b05cd9e55f3c06a8,b05cd9e55f3c06a8,true] 4764 --- [c2e9E53HTvQ-193] trationDelegate$BeanPostProcessorChecker : Bean 'configurationPropertiesRebinderAutoConfiguration' of type [org.springframework.cloud.autoconfigure.ConfigurationPropertiesRebinderAutoConfiguration$$EnhancerBySpringCGLIB$$a94b06d5] is not eligible for getting processed by all BeanPostProcessors (for example: not eligible for auto-proxying)
2017-11-08 17:05:13.688  INFO [t3-cm-rest-service,b05cd9e55f3c06a8,b05cd9e55f3c06a8,true] 4764 --- [c2e9E53HTvQ-193] o.s.c.n.eureka.InstanceInfoFactory       : Setting initial instance status as: STARTING
2017-11-08 17:05:16.230  INFO [t3-cm-rest-service,b05cd9e55f3c06a8,b05cd9e55f3c06a8,true] 4764 --- [c2e9E53HTvQ-193] com.netflix.discovery.DiscoveryClient    : Initializing Eureka in region eureka-server-region
2017-11-08 17:05:16.469  INFO [t3-cm-rest-service,b05cd9e55f3c06a8,b05cd9e55f3c06a8,true] 4764 --- [c2e9E53HTvQ-193] c.n.d.provider.DiscoveryJerseyProvider   : Using JSON encoding codec LegacyJacksonJson
2017-11-08 17:05:16.469  INFO [t3-cm-rest-service,b05cd9e55f3c06a8,b05cd9e55f3c06a8,true] 4764 --- [c2e9E53HTvQ-193] c.n.d.provider.DiscoveryJerseyProvider   : Using JSON decoding codec LegacyJacksonJson
2017-11-08 17:05:16.469  INFO [t3-cm-rest-service,b05cd9e55f3c06a8,b05cd9e55f3c06a8,true] 4764 --- [c2e9E53HTvQ-193] c.n.d.provider.DiscoveryJerseyProvider   : Using XML encoding codec XStreamXml
2017-11-08 17:05:16.469  INFO [t3-cm-rest-service,b05cd9e55f3c06a8,b05cd9e55f3c06a8,true] 4764 --- [c2e9E53HTvQ-193] c.n.d.provider.DiscoveryJerseyProvider   : Using XML decoding codec XStreamXml
2017-11-08 17:05:23.422  INFO [t3-cm-rest-service,b05cd9e55f3c06a8,b05cd9e55f3c06a8,true] 4764 --- [c2e9E53HTvQ-193] c.n.d.s.r.aws.ConfigClusterResolver      : Resolving eureka endpoints via DNS: txt.eureka-server-region.t3.dcfservice.com
2017-11-08 17:05:23.456  INFO [t3-cm-rest-service,b05cd9e55f3c06a8,b05cd9e55f3c06a8,true] 4764 --- [c2e9E53HTvQ-193] com.netflix.discovery.DiscoveryClient    : Disable delta property : false
2017-11-08 17:05:23.456  INFO [t3-cm-rest-service,b05cd9e55f3c06a8,b05cd9e55f3c06a8,true] 4764 --- [c2e9E53HTvQ-193] com.netflix.discovery.DiscoveryClient    : Single vip registry refresh property : null
2017-11-08 17:05:23.456  INFO [t3-cm-rest-service,b05cd9e55f3c06a8,b05cd9e55f3c06a8,true] 4764 --- [c2e9E53HTvQ-193] com.netflix.discovery.DiscoveryClient    : Force full registry fetch : false
2017-11-08 17:05:23.456  INFO [t3-cm-rest-service,b05cd9e55f3c06a8,b05cd9e55f3c06a8,true] 4764 --- [c2e9E53HTvQ-193] com.netflix.discovery.DiscoveryClient    : Application is null : false
2017-11-08 17:05:23.456  INFO [t3-cm-rest-service,b05cd9e55f3c06a8,b05cd9e55f3c06a8,true] 4764 --- [c2e9E53HTvQ-193] com.netflix.discovery.DiscoveryClient    : Registered Applications size is zero : true
2017-11-08 17:05:23.456  INFO [t3-cm-rest-service,b05cd9e55f3c06a8,b05cd9e55f3c06a8,true] 4764 --- [c2e9E53HTvQ-193] com.netflix.discovery.DiscoveryClient    : Application version is -1: true
2017-11-08 17:05:23.456  INFO [t3-cm-rest-service,b05cd9e55f3c06a8,b05cd9e55f3c06a8,true] 4764 --- [c2e9E53HTvQ-193] com.netflix.discovery.DiscoveryClient    : Getting all instance registry info from the eureka server
2017-11-08 17:05:23.540  INFO [t3-cm-rest-service,b05cd9e55f3c06a8,b05cd9e55f3c06a8,true] 4764 --- [c2e9E53HTvQ-193] com.netflix.discovery.DiscoveryClient    : The response status is 200
2017-11-08 17:05:23.542  INFO [t3-cm-rest-service,b05cd9e55f3c06a8,b05cd9e55f3c06a8,true] 4764 --- [c2e9E53HTvQ-193] com.netflix.discovery.DiscoveryClient    : Starting heartbeat executor: renew interval is: 30
2017-11-08 17:05:23.548  INFO [t3-cm-rest-service,b05cd9e55f3c06a8,b05cd9e55f3c06a8,true] 4764 --- [c2e9E53HTvQ-193] c.n.discovery.InstanceInfoReplicator     : InstanceInfoReplicator onDemand update allowed rate per min is 4
2017-11-08 17:05:23.550  INFO [t3-cm-rest-service,b05cd9e55f3c06a8,b05cd9e55f3c06a8,true] 4764 --- [c2e9E53HTvQ-193] com.netflix.discovery.DiscoveryClient    : Discovery Client initialized at timestamp 1510131923550 with initial instances count: 18
2017-11-08 17:05:28.581  INFO [t3-cm-rest-service,,,] 4764 --- [trap-executor-0] c.n.d.s.r.aws.ConfigClusterResolver      : Resolving eureka endpoints via DNS: txt.eureka-server-region.t3.dcfservice.com
2017-11-08 17:05:32.232  INFO [t3-cm-rest-service,b05cd9e55f3c06a8,b05cd9e55f3c06a8,true] 4764 --- [c2e9E53HTvQ-193] c.c.c.ConfigServicePropertySourceLocator : Fetching config from server at: http://192.168.98.183:23006/
2017-11-08 17:05:33.297  INFO [t3-cm-rest-service,b05cd9e55f3c06a8,b05cd9e55f3c06a8,true] 4764 --- [c2e9E53HTvQ-193] c.c.c.ConfigServicePropertySourceLocator : Located environment: name=cm-rest-service, profiles=[test, dev], label=dev, version=4770c72aaaa380ed42b31ad0c19368568fa7d5e9, state=null
2017-11-08 17:05:33.297  INFO [t3-cm-rest-service,b05cd9e55f3c06a8,b05cd9e55f3c06a8,true] 4764 --- [c2e9E53HTvQ-193] b.c.PropertySourceBootstrapConfiguration : Located property source: CompositePropertySource [name='configService', propertySources=[MapPropertySource [name='configClient'], MapPropertySource [name='http://gitlab.dcfservice.com/cm/config-repo.git/cm-rest-service/cm-rest-service-dev.yml'], MapPropertySource [name='http://gitlab.dcfservice.com/cm/config-repo.git/application-test.yml']]]
2017-11-08 17:05:33.559  INFO [t3-cm-rest-service,b05cd9e55f3c06a8,b05cd9e55f3c06a8,true] 4764 --- [c2e9E53HTvQ-193] o.s.boot.SpringApplication               : The following profiles are active: test, dev
2017-11-08 17:05:33.562  INFO [t3-cm-rest-service,b05cd9e55f3c06a8,b05cd9e55f3c06a8,true] 4764 --- [c2e9E53HTvQ-193] s.c.a.AnnotationConfigApplicationContext : Refreshing org.springframework.context.annotation.AnnotationConfigApplicationContext@4abcf1df: startup date [Wed Nov 08 17:05:33 CST 2017]; parent: org.springframework.context.annotation.AnnotationConfigApplicationContext@3b429d7d
2017-11-08 17:05:33.572  INFO [t3-cm-rest-service,b05cd9e55f3c06a8,b05cd9e55f3c06a8,true] 4764 --- [c2e9E53HTvQ-193] f.a.AutowiredAnnotationBeanPostProcessor : JSR-330 'javax.inject.Inject' annotation found and supported for autowiring
2017-11-08 17:05:33.623  INFO [t3-cm-rest-service,b05cd9e55f3c06a8,b05cd9e55f3c06a8,true] 4764 --- [c2e9E53HTvQ-193] o.s.boot.SpringApplication               : Started application in 24.631 seconds (JVM running for 88584.57)
2017-11-08 17:05:33.624  INFO [t3-cm-rest-service,b05cd9e55f3c06a8,b05cd9e55f3c06a8,true] 4764 --- [c2e9E53HTvQ-193] s.c.a.AnnotationConfigApplicationContext : Closing org.springframework.context.annotation.AnnotationConfigApplicationContext@4abcf1df: startup date [Wed Nov 08 17:05:33 CST 2017]; parent: org.springframework.context.annotation.AnnotationConfigApplicationContext@3b429d7d
2017-11-08 17:05:53.578  INFO [t3-cm-rest-service,,,] 4764 --- [tbeatExecutor-0] com.netflix.discovery.DiscoveryClient    : DiscoveryClient_CM-REST-SERVICE/192.168.98.183:21045 - Re-registering apps/CM-REST-SERVICE
2017-11-08 17:05:53.663  INFO [t3-cm-rest-service,,,] 4764 --- [tbeatExecutor-0] com.netflix.discovery.DiscoveryClient    : DiscoveryClient_CM-REST-SERVICE/192.168.98.183:21045: registering service...
2017-11-08 17:05:53.671  INFO [t3-cm-rest-service,,,] 4764 --- [tbeatExecutor-0] com.netflix.discovery.DiscoveryClient    : DiscoveryClient_CM-REST-SERVICE/192.168.98.183:21045 - registration status: 204
2017-11-08 17:06:03.549  INFO [t3-cm-rest-service,,,] 4764 --- [nfoReplicator-0] com.netflix.discovery.DiscoveryClient    : DiscoveryClient_CM-REST-SERVICE/192.168.98.183:21045: registering service...
2017-11-08 17:06:03.594  INFO [t3-cm-rest-service,,,] 4764 --- [nfoReplicator-0] com.netflix.discovery.DiscoveryClient    : DiscoveryClient_CM-REST-SERVICE/192.168.98.183:21045 - registration status: 204
2017-11-08 17:06:29.873  INFO [t3-cm-rest-service,,,] 4764 --- [trap-executor-0] c.n.d.s.r.aws.ConfigClusterResolver      : Resolving eureka endpoints via DNS: txt.eureka-server-region.t3.dcfservice.com
2017-11-08 17:06:45.385  INFO [t3-cm-rest-service,,,] 4764 --- [trap-executor-0] c.n.d.s.r.aws.ConfigClusterResolver      : Resolving eureka endpoints via DNS: txt.eureka-server-region.t3.dcfservice.com
2017-11-08 17:06:55.441  INFO [t3-cm-rest-service,b05cd9e55f3c06a8,b05cd9e55f3c06a8,true] 4764 --- [c2e9E53HTvQ-193] com.netflix.discovery.DiscoveryClient    : Shutting down DiscoveryClient ...
2017-11-08 17:06:55.467  INFO [t3-cm-rest-service,b05cd9e55f3c06a8,b05cd9e55f3c06a8,true] 4764 --- [c2e9E53HTvQ-193] o.s.c.n.eureka.InstanceInfoFactory       : Setting initial instance status as: STARTING
2017-11-08 17:06:55.474  INFO [t3-cm-rest-service,b05cd9e55f3c06a8,b05cd9e55f3c06a8,true] 4764 --- [c2e9E53HTvQ-193] com.netflix.discovery.DiscoveryClient    : Unregistering ...
2017-11-08 17:06:55.476  INFO [t3-cm-rest-service,b05cd9e55f3c06a8,b05cd9e55f3c06a8,true] 4764 --- [c2e9E53HTvQ-193] com.netflix.discovery.DiscoveryClient    : DiscoveryClient_CM-REST-SERVICE/192.168.98.183:21045 - deregister  status: 200
2017-11-08 17:06:55.500  INFO [t3-cm-rest-service,b05cd9e55f3c06a8,b05cd9e55f3c06a8,true] 4764 --- [c2e9E53HTvQ-193] com.netflix.discovery.DiscoveryClient    : Completed shut down of DiscoveryClient
2017-11-08 17:06:55.501  INFO [t3-cm-rest-service,b05cd9e55f3c06a8,b05cd9e55f3c06a8,true] 4764 --- [c2e9E53HTvQ-193] com.netflix.discovery.DiscoveryClient    : Initializing Eureka in region eureka-server-region
2017-11-08 17:06:55.504  INFO [t3-cm-rest-service,b05cd9e55f3c06a8,b05cd9e55f3c06a8,true] 4764 --- [c2e9E53HTvQ-193] c.n.d.provider.DiscoveryJerseyProvider   : Using JSON encoding codec LegacyJacksonJson
2017-11-08 17:06:55.504  INFO [t3-cm-rest-service,b05cd9e55f3c06a8,b05cd9e55f3c06a8,true] 4764 --- [c2e9E53HTvQ-193] c.n.d.provider.DiscoveryJerseyProvider   : Using JSON decoding codec LegacyJacksonJson
2017-11-08 17:06:55.505  INFO [t3-cm-rest-service,b05cd9e55f3c06a8,b05cd9e55f3c06a8,true] 4764 --- [c2e9E53HTvQ-193] c.n.d.provider.DiscoveryJerseyProvider   : Using XML encoding codec XStreamXml
2017-11-08 17:06:55.505  INFO [t3-cm-rest-service,b05cd9e55f3c06a8,b05cd9e55f3c06a8,true] 4764 --- [c2e9E53HTvQ-193] c.n.d.provider.DiscoveryJerseyProvider   : Using XML decoding codec XStreamXml
2017-11-08 17:06:55.706  INFO [t3-cm-rest-service,b05cd9e55f3c06a8,b05cd9e55f3c06a8,true] 4764 --- [c2e9E53HTvQ-193] c.n.d.s.r.aws.ConfigClusterResolver      : Resolving eureka endpoints via DNS: txt.eureka-server-region.t3.dcfservice.com
2017-11-08 17:06:55.709  INFO [t3-cm-rest-service,b05cd9e55f3c06a8,b05cd9e55f3c06a8,true] 4764 --- [c2e9E53HTvQ-193] com.netflix.discovery.DiscoveryClient    : Disable delta property : false
2017-11-08 17:06:55.709  INFO [t3-cm-rest-service,b05cd9e55f3c06a8,b05cd9e55f3c06a8,true] 4764 --- [c2e9E53HTvQ-193] com.netflix.discovery.DiscoveryClient    : Single vip registry refresh property : null
2017-11-08 17:06:55.709  INFO [t3-cm-rest-service,b05cd9e55f3c06a8,b05cd9e55f3c06a8,true] 4764 --- [c2e9E53HTvQ-193] com.netflix.discovery.DiscoveryClient    : Force full registry fetch : false
2017-11-08 17:06:55.709  INFO [t3-cm-rest-service,b05cd9e55f3c06a8,b05cd9e55f3c06a8,true] 4764 --- [c2e9E53HTvQ-193] com.netflix.discovery.DiscoveryClient    : Application is null : false
2017-11-08 17:06:55.709  INFO [t3-cm-rest-service,b05cd9e55f3c06a8,b05cd9e55f3c06a8,true] 4764 --- [c2e9E53HTvQ-193] com.netflix.discovery.DiscoveryClient    : Registered Applications size is zero : true
2017-11-08 17:06:55.709  INFO [t3-cm-rest-service,b05cd9e55f3c06a8,b05cd9e55f3c06a8,true] 4764 --- [c2e9E53HTvQ-193] com.netflix.discovery.DiscoveryClient    : Application version is -1: true
2017-11-08 17:06:55.709  INFO [t3-cm-rest-service,b05cd9e55f3c06a8,b05cd9e55f3c06a8,true] 4764 --- [c2e9E53HTvQ-193] com.netflix.discovery.DiscoveryClient    : Getting all instance registry info from the eureka server
2017-11-08 17:06:55.711  INFO [t3-cm-rest-service,b05cd9e55f3c06a8,b05cd9e55f3c06a8,true] 4764 --- [c2e9E53HTvQ-193] com.netflix.discovery.DiscoveryClient    : The response status is 200
2017-11-08 17:06:55.712  INFO [t3-cm-rest-service,b05cd9e55f3c06a8,b05cd9e55f3c06a8,true] 4764 --- [c2e9E53HTvQ-193] com.netflix.discovery.DiscoveryClient    : Starting heartbeat executor: renew interval is: 30
2017-11-08 17:06:55.712  INFO [t3-cm-rest-service,b05cd9e55f3c06a8,b05cd9e55f3c06a8,true] 4764 --- [c2e9E53HTvQ-193] c.n.discovery.InstanceInfoReplicator     : InstanceInfoReplicator onDemand update allowed rate per min is 4
2017-11-08 17:06:55.714  INFO [t3-cm-rest-service,b05cd9e55f3c06a8,b05cd9e55f3c06a8,true] 4764 --- [c2e9E53HTvQ-193] com.netflix.discovery.DiscoveryClient    : Discovery Client initialized at timestamp 1510132015714 with initial instances count: 18
2017-11-08 17:06:55.730  INFO [t3-cm-rest-service,b05cd9e55f3c06a8,b05cd9e55f3c06a8,true] 4764 --- [c2e9E53HTvQ-193] o.s.c.n.e.s.EurekaServiceRegistry        : Unregistering application cm-rest-service with eureka with status DOWN
2017-11-08 17:06:55.730  INFO [t3-cm-rest-service,b05cd9e55f3c06a8,b05cd9e55f3c06a8,true] 4764 --- [c2e9E53HTvQ-193] o.s.c.n.e.s.EurekaServiceRegistry        : Registering application cm-rest-service with eureka with status UP
2017-11-08 17:06:55.730  WARN [t3-cm-rest-service,b05cd9e55f3c06a8,b05cd9e55f3c06a8,true] 4764 --- [c2e9E53HTvQ-193] com.netflix.discovery.DiscoveryClient    : Saw local status change event StatusChangeEvent [timestamp=1510132015730, current=UP, previous=DOWN]
2017-11-08 17:06:55.731  INFO [t3-cm-rest-service,b05cd9e55f3c06a8,b05cd9e55f3c06a8,true] 4764 --- [c2e9E53HTvQ-193] o.s.cloud.bus.event.RefreshListener      : Received remote refresh request. Keys refreshed [config.client.version]
2017-11-08 17:06:55.797  INFO [t3-cm-rest-service,,,] 4764 --- [nfoReplicator-0] com.netflix.discovery.DiscoveryClient    : DiscoveryClient_CM-REST-SERVICE/192.168.98.183:21045: registering service...
2017-11-08 17:06:55.836  INFO [t3-cm-rest-service,,,] 4764 --- [nfoReplicator-0] com.netflix.discovery.DiscoveryClient    : DiscoveryClient_CM-REST-SERVICE/192.168.98.183:21045 - registration status: 204
